<?xml version="1.0" encoding="UTF-8"?>
<!DOCTYPE document [
<!ENTITY flo "&#x159;">
<!ENTITY myCustomEntity "&flo;">
]>
<document>&myCustomEntity;</document>